This is pdfTeX, Version 3.141592653-2.6-1.40.23 (TeX Live 2021/W32TeX) (preloaded format=pdflatex 2021.12.7)  7 DEC 2021 12:05
entering extended mode
 restricted \write18 enabled.
 %&-line parsing enabled.
**Manuscript.tex
(./Manuscript.tex
LaTeX2e <2021-11-15>
L3 programming layer <2021-11-22> (./jss.cls
Document Class: jss 2020/12/09 3.2 jss class by Achim Zeileis
(c:/Users/valen/AppData/Roaming/TinyTeX/texmf-dist/tex/latex/base/article.cls
Document Class: article 2021/10/04 v1.4n Standard LaTeX document class
(c:/Users/valen/AppData/Roaming/TinyTeX/texmf-dist/tex/latex/base/size11.clo
File: size11.clo 2021/10/04 v1.4n Standard LaTeX file (size option)
)
\c@part=\count183
\c@section=\count184
\c@subsection=\count185
\c@subsubsection=\count186
\c@paragraph=\count187
\c@subparagraph=\count188
\c@figure=\count189
\c@table=\count190
\abovecaptionskip=\skip47
\belowcaptionskip=\skip48
\bibindent=\dimen138
) (c:/Users/valen/AppData/Roaming/TinyTeX/texmf-dist/tex/latex/graphics/graphicx.sty
Package: graphicx 2021/09/16 v1.2d Enhanced LaTeX Graphics (DPC,SPQR)
(c:/Users/valen/AppData/Roaming/TinyTeX/texmf-dist/tex/latex/graphics/keyval.sty
Package: keyval 2014/10/28 v1.15 key=value parser (DPC)
\KV@toks@=\toks16
) (c:/Users/valen/AppData/Roaming/TinyTeX/texmf-dist/tex/latex/graphics/graphics.sty
Package: graphics 2021/03/04 v1.4d Standard LaTeX Graphics (DPC,SPQR)
(c:/Users/valen/AppData/Roaming/TinyTeX/texmf-dist/tex/latex/graphics/trig.sty
Package: trig 2021/08/11 v1.11 sin cos tan (DPC)
) (c:/Users/valen/AppData/Roaming/TinyTeX/texmf-dist/tex/latex/graphics-cfg/graphics.cfg
File: graphics.cfg 2016/06/04 v1.11 sample graphics configuration
)
Package graphics Info: Driver file: pdftex.def on input line 107.
(c:/Users/valen/AppData/Roaming/TinyTeX/texmf-dist/tex/latex/graphics-def/pdftex.def
File: pdftex.def 2020/10/05 v1.2a Graphics/color driver for pdftex
))
\Gin@req@height=\dimen139
\Gin@req@width=\dimen140
) (c:/Users/valen/AppData/Roaming/TinyTeX/texmf-dist/tex/latex/graphics/color.sty
Package: color 2021/10/11 v1.3b Standard LaTeX Color (DPC)
(c:/Users/valen/AppData/Roaming/TinyTeX/texmf-dist/tex/latex/graphics-cfg/color.cfg
File: color.cfg 2016/01/02 v1.6 sample color configuration
)
Package color Info: Driver file: pdftex.def on input line 149.
) (c:/Users/valen/AppData/Roaming/TinyTeX/texmf-dist/tex/latex/ae/ae.sty
Package: ae 2001/02/12 1.3 Almost European Computer Modern
(c:/Users/valen/AppData/Roaming/TinyTeX/texmf-dist/tex/latex/base/fontenc.sty
Package: fontenc 2021/04/29 v2.0v Standard LaTeX package
)) (c:/Users/valen/AppData/Roaming/TinyTeX/texmf-dist/tex/latex/fancyvrb/fancyvrb.sty
Package: fancyvrb 2021/11/24\nobreakspace {} 4.1a\nobreakspace {}verbatim text (tvz,hv)
\FV@CodeLineNo=\count191
\FV@InFile=\read2
\FV@TabBox=\box50
\c@FancyVerbLine=\count192
\FV@StepNumber=\count193
\FV@OutFile=\write3
) (c:/Users/valen/AppData/Roaming/TinyTeX/texmf-dist/tex/latex/base/fontenc.sty
Package: fontenc 2021/04/29 v2.0v Standard LaTeX package
LaTeX Font Info:    Trying to load font information for T1+aer on input line 112.
(c:/Users/valen/AppData/Roaming/TinyTeX/texmf-dist/tex/latex/ae/t1aer.fd
File: t1aer.fd 1997/11/16 Font definitions for T1/aer.
)) (c:/Users/valen/AppData/Roaming/TinyTeX/texmf-dist/tex/latex/lm/lmodern.sty
Package: lmodern 2015/05/01 v1.6.1 Latin Modern Fonts
LaTeX Font Info:    Overwriting symbol font `operators' in version `normal'
(Font)                  OT1/cmr/m/n --> OT1/lmr/m/n on input line 22.
LaTeX Font Info:    Overwriting symbol font `letters' in version `normal'
(Font)                  OML/cmm/m/it --> OML/lmm/m/it on input line 23.
LaTeX Font Info:    Overwriting symbol font `symbols' in version `normal'
(Font)                  OMS/cmsy/m/n --> OMS/lmsy/m/n on input line 24.
LaTeX Font Info:    Overwriting symbol font `largesymbols' in version `normal'
(Font)                  OMX/cmex/m/n --> OMX/lmex/m/n on input line 25.
LaTeX Font Info:    Overwriting symbol font `operators' in version `bold'
(Font)                  OT1/cmr/bx/n --> OT1/lmr/bx/n on input line 26.
LaTeX Font Info:    Overwriting symbol font `letters' in version `bold'
(Font)                  OML/cmm/b/it --> OML/lmm/b/it on input line 27.
LaTeX Font Info:    Overwriting symbol font `symbols' in version `bold'
(Font)                  OMS/cmsy/b/n --> OMS/lmsy/b/n on input line 28.
LaTeX Font Info:    Overwriting symbol font `largesymbols' in version `bold'
(Font)                  OMX/cmex/m/n --> OMX/lmex/m/n on input line 29.
LaTeX Font Info:    Overwriting math alphabet `\mathbf' in version `normal'
(Font)                  OT1/cmr/bx/n --> OT1/lmr/bx/n on input line 31.
LaTeX Font Info:    Overwriting math alphabet `\mathsf' in version `normal'
(Font)                  OT1/cmss/m/n --> OT1/lmss/m/n on input line 32.
LaTeX Font Info:    Overwriting math alphabet `\mathit' in version `normal'
(Font)                  OT1/cmr/m/it --> OT1/lmr/m/it on input line 33.
LaTeX Font Info:    Overwriting math alphabet `\mathtt' in version `normal'
(Font)                  OT1/cmtt/m/n --> OT1/lmtt/m/n on input line 34.
LaTeX Font Info:    Overwriting math alphabet `\mathbf' in version `bold'
(Font)                  OT1/cmr/bx/n --> OT1/lmr/bx/n on input line 35.
LaTeX Font Info:    Overwriting math alphabet `\mathsf' in version `bold'
(Font)                  OT1/cmss/bx/n --> OT1/lmss/bx/n on input line 36.
LaTeX Font Info:    Overwriting math alphabet `\mathit' in version `bold'
(Font)                  OT1/cmr/bx/it --> OT1/lmr/bx/it on input line 37.
LaTeX Font Info:    Overwriting math alphabet `\mathtt' in version `bold'
(Font)                  OT1/cmtt/m/n --> OT1/lmtt/m/n on input line 38.
) (c:/Users/valen/AppData/Roaming/TinyTeX/texmf-dist/tex/latex/natbib/natbib.sty
Package: natbib 2010/09/13 8.31b (PWD, AO)
\bibhang=\skip49
\bibsep=\skip50
LaTeX Info: Redefining \cite on input line 694.
\c@NAT@ctr=\count194
)
\footerskip=\skip51
(c:/Users/valen/AppData/Roaming/TinyTeX/texmf-dist/tex/latex/hyperref/hyperref.sty
Package: hyperref 2021-06-07 v7.00m Hypertext links for LaTeX
(c:/Users/valen/AppData/Roaming/TinyTeX/texmf-dist/tex/generic/ltxcmds/ltxcmds.sty
Package: ltxcmds 2020-05-10 v1.25 LaTeX kernel commands for general use (HO)
) (c:/Users/valen/AppData/Roaming/TinyTeX/texmf-dist/tex/generic/iftex/iftex.sty
Package: iftex 2020/03/06 v1.0d TeX engine tests
) (c:/Users/valen/AppData/Roaming/TinyTeX/texmf-dist/tex/generic/pdftexcmds/pdftexcmds.sty
Package: pdftexcmds 2020-06-27 v0.33 Utility functions of pdfTeX for LuaTeX (HO)
(c:/Users/valen/AppData/Roaming/TinyTeX/texmf-dist/tex/generic/infwarerr/infwarerr.sty
Package: infwarerr 2019/12/03 v1.5 Providing info/warning/error messages (HO)
)
Package pdftexcmds Info: \pdf@primitive is available.
Package pdftexcmds Info: \pdf@ifprimitive is available.
Package pdftexcmds Info: \pdfdraftmode found.
) (c:/Users/valen/AppData/Roaming/TinyTeX/texmf-dist/tex/generic/kvsetkeys/kvsetkeys.sty
Package: kvsetkeys 2019/12/15 v1.18 Key value parser (HO)
) (c:/Users/valen/AppData/Roaming/TinyTeX/texmf-dist/tex/generic/kvdefinekeys/kvdefinekeys.sty
Package: kvdefinekeys 2019-12-19 v1.6 Define keys (HO)
) (c:/Users/valen/AppData/Roaming/TinyTeX/texmf-dist/tex/generic/pdfescape/pdfescape.sty
Package: pdfescape 2019/12/09 v1.15 Implements pdfTeX's escape features (HO)
) (c:/Users/valen/AppData/Roaming/TinyTeX/texmf-dist/tex/latex/hycolor/hycolor.sty
Package: hycolor 2020-01-27 v1.10 Color options for hyperref/bookmark (HO)
) (c:/Users/valen/AppData/Roaming/TinyTeX/texmf-dist/tex/latex/letltxmacro/letltxmacro.sty
Package: letltxmacro 2019/12/03 v1.6 Let assignment for LaTeX macros (HO)
) (c:/Users/valen/AppData/Roaming/TinyTeX/texmf-dist/tex/latex/auxhook/auxhook.sty
Package: auxhook 2019-12-17 v1.6 Hooks for auxiliary files (HO)
) (c:/Users/valen/AppData/Roaming/TinyTeX/texmf-dist/tex/latex/kvoptions/kvoptions.sty
Package: kvoptions 2020-10-07 v3.14 Key value format for package options (HO)
)
\@linkdim=\dimen141
\Hy@linkcounter=\count195
\Hy@pagecounter=\count196
(c:/Users/valen/AppData/Roaming/TinyTeX/texmf-dist/tex/latex/hyperref/pd1enc.def
File: pd1enc.def 2021-06-07 v7.00m Hyperref: PDFDocEncoding definition (HO)
Now handling font encoding PD1 ...
... no UTF-8 mapping file for font encoding PD1
) (c:/Users/valen/AppData/Roaming/TinyTeX/texmf-dist/tex/latex/hyperref/hyperref-langpatches.def
File: hyperref-langpatches.def 2021-06-07 v7.00m Hyperref: patches for babel languages
) (c:/Users/valen/AppData/Roaming/TinyTeX/texmf-dist/tex/generic/intcalc/intcalc.sty
Package: intcalc 2019/12/15 v1.3 Expandable calculations with integers (HO)
) (c:/Users/valen/AppData/Roaming/TinyTeX/texmf-dist/tex/generic/etexcmds/etexcmds.sty
Package: etexcmds 2019/12/15 v1.7 Avoid name clashes with e-TeX commands (HO)
)
\Hy@SavedSpaceFactor=\count197
(c:/Users/valen/AppData/Roaming/TinyTeX/texmf-dist/tex/latex/hyperref/puenc.def
File: puenc.def 2021-06-07 v7.00m Hyperref: PDF Unicode definition (HO)
Now handling font encoding PU ...
... no UTF-8 mapping file for font encoding PU
)
Package hyperref Info: Hyper figures OFF on input line 4192.
Package hyperref Info: Link nesting OFF on input line 4197.
Package hyperref Info: Hyper index ON on input line 4200.
Package hyperref Info: Plain pages OFF on input line 4207.
Package hyperref Info: Backreferencing OFF on input line 4212.
Package hyperref Info: Implicit mode ON; LaTeX internals redefined.
Package hyperref Info: Bookmarks ON on input line 4445.
\c@Hy@tempcnt=\count198
(c:/Users/valen/AppData/Roaming/TinyTeX/texmf-dist/tex/latex/url/url.sty
\Urlmuskip=\muskip16
Package: url 2013/09/16  ver 3.4  Verb mode for urls, etc.
)
LaTeX Info: Redefining \url on input line 4804.
\XeTeXLinkMargin=\dimen142
(c:/Users/valen/AppData/Roaming/TinyTeX/texmf-dist/tex/generic/bitset/bitset.sty
Package: bitset 2019/12/09 v1.3 Handle bit-vector datatype (HO)
(c:/Users/valen/AppData/Roaming/TinyTeX/texmf-dist/tex/generic/bigintcalc/bigintcalc.sty
Package: bigintcalc 2019/12/15 v1.5 Expandable calculations on big integers (HO)
))
\Fld@menulength=\count199
\Field@Width=\dimen143
\Fld@charsize=\dimen144
Package hyperref Info: Hyper figures OFF on input line 6076.
Package hyperref Info: Link nesting OFF on input line 6081.
Package hyperref Info: Hyper index ON on input line 6084.
Package hyperref Info: backreferencing OFF on input line 6091.
Package hyperref Info: Link coloring OFF on input line 6096.
Package hyperref Info: Link coloring with OCG OFF on input line 6101.
Package hyperref Info: PDF/A mode OFF on input line 6106.
LaTeX Info: Redefining \ref on input line 6146.
LaTeX Info: Redefining \pageref on input line 6150.
(c:/Users/valen/AppData/Roaming/TinyTeX/texmf-dist/tex/latex/base/atbegshi-ltx.sty
Package: atbegshi-ltx 2021/01/10 v1.0c Emulation of the original atbegshi
package with kernel methods
)
\Hy@abspage=\count266
\c@Item=\count267
\c@Hfootnote=\count268
)
Package hyperref Info: Driver (autodetected): hpdftex.
(c:/Users/valen/AppData/Roaming/TinyTeX/texmf-dist/tex/latex/hyperref/hpdftex.def
File: hpdftex.def 2021-06-07 v7.00m Hyperref driver for pdfTeX
(c:/Users/valen/AppData/Roaming/TinyTeX/texmf-dist/tex/latex/base/atveryend-ltx.sty
Package: atveryend-ltx 2020/08/19 v1.0a Emulation of the original atveryend package
with kernel methods
)
\Fld@listcount=\count269
\c@bookmark@seq@number=\count270
(c:/Users/valen/AppData/Roaming/TinyTeX/texmf-dist/tex/latex/rerunfilecheck/rerunfilecheck.sty
Package: rerunfilecheck 2019/12/05 v1.9 Rerun checks for auxiliary files (HO)
(c:/Users/valen/AppData/Roaming/TinyTeX/texmf-dist/tex/generic/uniquecounter/uniquecounter.sty
Package: uniquecounter 2019/12/15 v1.4 Provide unlimited unique counter (HO)
)
Package uniquecounter Info: New unique counter `rerunfilecheck' on input line 286.
)
\Hy@SectionHShift=\skip52
)
\preXLskip=\skip53
\preLskip=\skip54
\preMskip=\skip55
\preSskip=\skip56
\postMskip=\skip57
\postSskip=\skip58

Package hyperref Warning: Option `hyperindex' has already been used,
(hyperref)                setting the option has no effect on input line 447.

Package hyperref Info: Option `colorlinks' set `true' on input line 447.
Package hyperref Info: Option `linktocpage' set `true' on input line 447.
Package hyperref Info: Option `plainpages' set `false' on input line 447.
) (c:/Users/valen/AppData/Roaming/TinyTeX/texmf-dist/tex/latex/base/inputenc.sty
Package: inputenc 2021/02/14 v1.3d Input encoding file
\inpenc@prehook=\toks17
\inpenc@posthook=\toks18
) (c:/Users/valen/AppData/Roaming/TinyTeX/texmf-dist/tex/latex/amsmath/amsmath.sty
Package: amsmath 2021/10/15 v2.17l AMS math features
\@mathmargin=\skip59
For additional information on amsmath, use the `?' option.
(c:/Users/valen/AppData/Roaming/TinyTeX/texmf-dist/tex/latex/amsmath/amstext.sty
Package: amstext 2021/08/26 v2.01 AMS text
(c:/Users/valen/AppData/Roaming/TinyTeX/texmf-dist/tex/latex/amsmath/amsgen.sty
File: amsgen.sty 1999/11/30 v2.0 generic functions
\@emptytoks=\toks19
\ex@=\dimen145
)) (c:/Users/valen/AppData/Roaming/TinyTeX/texmf-dist/tex/latex/amsmath/amsbsy.sty
Package: amsbsy 1999/11/29 v1.2d Bold Symbols
\pmbraise@=\dimen146
) (c:/Users/valen/AppData/Roaming/TinyTeX/texmf-dist/tex/latex/amsmath/amsopn.sty
Package: amsopn 2021/08/26 v2.02 operator names
)
\inf@bad=\count271
LaTeX Info: Redefining \frac on input line 234.
\uproot@=\count272
\leftroot@=\count273
LaTeX Info: Redefining \overline on input line 399.
\classnum@=\count274
\DOTSCASE@=\count275
LaTeX Info: Redefining \ldots on input line 496.
LaTeX Info: Redefining \dots on input line 499.
LaTeX Info: Redefining \cdots on input line 620.
\Mathstrutbox@=\box51
\strutbox@=\box52
\big@size=\dimen147
LaTeX Font Info:    Redeclaring font encoding OML on input line 743.
LaTeX Font Info:    Redeclaring font encoding OMS on input line 744.
\macc@depth=\count276
\c@MaxMatrixCols=\count277
\dotsspace@=\muskip17
\c@parentequation=\count278
\dspbrk@lvl=\count279
\tag@help=\toks20
\row@=\count280
\column@=\count281
\maxfields@=\count282
\andhelp@=\toks21
\eqnshift@=\dimen148
\alignsep@=\dimen149
\tagshift@=\dimen150
\tagwidth@=\dimen151
\totwidth@=\dimen152
\lineht@=\dimen153
\@envbody=\toks22
\multlinegap=\skip60
\multlinetaggap=\skip61
\mathdisplay@stack=\toks23
LaTeX Info: Redefining \[ on input line 2938.
LaTeX Info: Redefining \] on input line 2939.
)
LaTeX Font Info:    Trying to load font information for T1+lmr on input line 56.
(c:/Users/valen/AppData/Roaming/TinyTeX/texmf-dist/tex/latex/lm/t1lmr.fd
File: t1lmr.fd 2015/05/01 v1.6.1 Font defs for Latin Modern
) (c:/Users/valen/AppData/Roaming/TinyTeX/texmf-dist/tex/latex/l3backend/l3backend-pdftex.def
File: l3backend-pdftex.def 2021-10-18 L3 backend support: PDF output (pdfTeX)
\l__color_backend_stack_int=\count283
\l__pdf_internal_box=\box53
) (./Manuscript.aux)
\openout1 = `Manuscript.aux'.

LaTeX Font Info:    Checking defaults for OML/cmm/m/it on input line 56.
LaTeX Font Info:    ... okay on input line 56.
LaTeX Font Info:    Checking defaults for OMS/cmsy/m/n on input line 56.
LaTeX Font Info:    ... okay on input line 56.
LaTeX Font Info:    Checking defaults for OT1/cmr/m/n on input line 56.
LaTeX Font Info:    ... okay on input line 56.
LaTeX Font Info:    Checking defaults for T1/cmr/m/n on input line 56.
LaTeX Font Info:    ... okay on input line 56.
LaTeX Font Info:    Checking defaults for TS1/cmr/m/n on input line 56.
LaTeX Font Info:    ... okay on input line 56.
LaTeX Font Info:    Checking defaults for OMX/cmex/m/n on input line 56.
LaTeX Font Info:    ... okay on input line 56.
LaTeX Font Info:    Checking defaults for U/cmr/m/n on input line 56.
LaTeX Font Info:    ... okay on input line 56.
LaTeX Font Info:    Checking defaults for PD1/pdf/m/n on input line 56.
LaTeX Font Info:    ... okay on input line 56.
LaTeX Font Info:    Checking defaults for PU/pdf/m/n on input line 56.
LaTeX Font Info:    ... okay on input line 56.
(c:/Users/valen/AppData/Roaming/TinyTeX/texmf-dist/tex/latex/epstopdf-pkg/epstopdf-base.sty
Package: epstopdf-base 2020-01-24 v2.11 Base part for package epstopdf
(c:/Users/valen/AppData/Roaming/TinyTeX/texmf-dist/tex/latex/grfext/grfext.sty
Package: grfext 2019/12/03 v1.3 Manage graphics extensions (HO)
)
Package epstopdf-base Info: Redefining graphics rule for `.eps' on input line 485.
Package grfext Info: Graphics extension search list:
(grfext)             [.pdf,.png,.jpg,.mps,.jpeg,.jbig2,.jb2,.PDF,.PNG,.JPG,.JPEG,.JBIG2,.JB2,.eps]
(grfext)             \AppendGraphicsExtensions on input line 504.
(c:/Users/valen/AppData/Roaming/TinyTeX/texmf-dist/tex/latex/latexconfig/epstopdf-sys.cfg
File: epstopdf-sys.cfg 2010/07/13 v1.3 Configuration of (r)epstopdf for TeX Live
))
Package hyperref Info: Link coloring ON on input line 56.
(c:/Users/valen/AppData/Roaming/TinyTeX/texmf-dist/tex/latex/hyperref/nameref.sty
Package: nameref 2021-04-02 v2.47 Cross-referencing by name of section
(c:/Users/valen/AppData/Roaming/TinyTeX/texmf-dist/tex/latex/refcount/refcount.sty
Package: refcount 2019/12/15 v3.6 Data extraction from label references (HO)
) (c:/Users/valen/AppData/Roaming/TinyTeX/texmf-dist/tex/generic/gettitlestring/gettitlestring.sty
Package: gettitlestring 2019/12/15 v1.6 Cleanup title references (HO)
)
\c@section@level=\count284
)
LaTeX Info: Redefining \ref on input line 56.
LaTeX Info: Redefining \pageref on input line 56.
LaTeX Info: Redefining \nameref on input line 56.
(./Manuscript.out) (./Manuscript.out)
\@outlinefile=\write4
\openout4 = `Manuscript.out'.

<jsslogo.jpg, id=68, 540.0175pt x 393.47pt>
File: jsslogo.jpg Graphic file (type jpg)
<use jsslogo.jpg>
Package pdftex.def Info: jsslogo.jpg  used on input line 56.
(pdftex.def)             Requested size: 89.80768pt x 65.43607pt.
LaTeX Font Info:    Trying to load font information for T1+pzc on input line 56.
(c:/Users/valen/AppData/Roaming/TinyTeX/texmf-dist/tex/latex/psnfss/t1pzc.fd
File: t1pzc.fd 2020/03/25 font definitions for T1/pzc.
)
LaTeX Font Info:    Font shape `T1/pzc/m/n' in size <28> not available
(Font)              Font shape `T1/pzc/m/it' tried instead on input line 56.
LaTeX Font Info:    Trying to load font information for OT1+lmr on input line 56.
(c:/Users/valen/AppData/Roaming/TinyTeX/texmf-dist/tex/latex/lm/ot1lmr.fd
File: ot1lmr.fd 2015/05/01 v1.6.1 Font defs for Latin Modern
)
LaTeX Font Info:    Trying to load font information for OML+lmm on input line 56.
(c:/Users/valen/AppData/Roaming/TinyTeX/texmf-dist/tex/latex/lm/omllmm.fd
File: omllmm.fd 2015/05/01 v1.6.1 Font defs for Latin Modern
)
LaTeX Font Info:    Trying to load font information for OMS+lmsy on input line 56.
(c:/Users/valen/AppData/Roaming/TinyTeX/texmf-dist/tex/latex/lm/omslmsy.fd
File: omslmsy.fd 2015/05/01 v1.6.1 Font defs for Latin Modern
)
LaTeX Font Info:    Trying to load font information for OMX+lmex on input line 56.
(c:/Users/valen/AppData/Roaming/TinyTeX/texmf-dist/tex/latex/lm/omxlmex.fd
File: omxlmex.fd 2015/05/01 v1.6.1 Font defs for Latin Modern
)
LaTeX Font Info:    External font `lmex10' loaded for size
(Font)              <10.95> on input line 56.
LaTeX Font Info:    External font `lmex10' loaded for size
(Font)              <8> on input line 56.
LaTeX Font Info:    External font `lmex10' loaded for size
(Font)              <6> on input line 56.
LaTeX Font Info:    Trying to load font information for T1+lmss on input line 56.
(c:/Users/valen/AppData/Roaming/TinyTeX/texmf-dist/tex/latex/lm/t1lmss.fd
File: t1lmss.fd 2015/05/01 v1.6.1 Font defs for Latin Modern
)
LaTeX Font Info:    External font `lmex10' loaded for size
(Font)              <9> on input line 73.
LaTeX Font Info:    External font `lmex10' loaded for size
(Font)              <5> on input line 73.
[1

{c:/Users/valen/AppData/Roaming/TinyTeX/texmf-var/fonts/map/pdftex/updmap/pdftex.map} <./jsslogo.jpg>]
<Manuscript_files/figure-latex/patterns-1.pdf, id=99, 252.945pt x 289.08pt>
File: Manuscript_files/figure-latex/patterns-1.pdf Graphic file (type pdf)
<use Manuscript_files/figure-latex/patterns-1.pdf>
Package pdftex.def Info: Manuscript_files/figure-latex/patterns-1.pdf  used on input line 107.
(pdftex.def)             Requested size: 354.12434pt x 404.72246pt.
LaTeX Font Info:    Trying to load font information for T1+lmtt on input line 123.
(c:/Users/valen/AppData/Roaming/TinyTeX/texmf-dist/tex/latex/lm/t1lmtt.fd
File: t1lmtt.fd 2015/05/01 v1.6.1 Font defs for Latin Modern
)
Underfull \vbox (badness 10000) has occurred while \output is active []


Overfull \hbox (5.47499pt too wide) has occurred while \output is active
\T1/lmr/m/n/10.95 2 []
 []

[2]
Overfull \hbox (5.47499pt too wide) has occurred while \output is active
[] \T1/lmr/m/n/10.95 3
 []

[3 <./Manuscript_files/figure-latex/patterns-1.pdf>]
LaTeX Font Info:    Trying to load font information for TS1+lmr on input line 175.
(c:/Users/valen/AppData/Roaming/TinyTeX/texmf-dist/tex/latex/lm/ts1lmr.fd
File: ts1lmr.fd 2015/05/01 v1.6.1 Font defs for Latin Modern
)
<Manuscript_files/figure-latex/pop_pat-1.pdf, id=146, 289.08pt x 433.62pt>
File: Manuscript_files/figure-latex/pop_pat-1.pdf Graphic file (type pdf)
<use Manuscript_files/figure-latex/pop_pat-1.pdf>
Package pdftex.def Info: Manuscript_files/figure-latex/pop_pat-1.pdf  used on input line 235.
(pdftex.def)             Requested size: 354.12434pt x 531.21231pt.

Overfull \hbox (5.47499pt too wide) has occurred while \output is active
\T1/lmr/m/n/10.95 4 []
 []

[4]

LaTeX Warning: Reference `fig:pop_dist' on page 5 undefined on input line 263.

<Manuscript_files/figure-latex/pop_dist-1.pdf, id=170, 353.32pt x 264.99pt>
File: Manuscript_files/figure-latex/pop_dist-1.pdf Graphic file (type pdf)
<use Manuscript_files/figure-latex/pop_dist-1.pdf>
Package pdftex.def Info: Manuscript_files/figure-latex/pop_dist-1.pdf  used on input line 277.
(pdftex.def)             Requested size: 354.12434pt x 265.59586pt.
<Manuscript_files/figure-latex/pop_dist-2.pdf, id=171, 353.32pt x 264.99pt>
File: Manuscript_files/figure-latex/pop_dist-2.pdf Graphic file (type pdf)
<use Manuscript_files/figure-latex/pop_dist-2.pdf>
Package pdftex.def Info: Manuscript_files/figure-latex/pop_dist-2.pdf  used on input line 285.
(pdftex.def)             Requested size: 354.12434pt x 265.59586pt.

Overfull \hbox (5.47499pt too wide) has occurred while \output is active
[] \T1/lmr/m/n/10.95 5
 []

[5]
Overfull \hbox (5.47499pt too wide) has occurred while \output is active
\T1/lmr/m/n/10.95 6 []
 []

[6 <./Manuscript_files/figure-latex/pop_pat-1.pdf>]
Overfull \hbox (5.47499pt too wide) has occurred while \output is active
[] \T1/lmr/m/n/10.95 7
 []

[7 <./Manuscript_files/figure-latex/pop_dist-1.pdf> <./Manuscript_files/figure-latex/pop_dist-2.pdf>]
<Manuscript_files/figure-latex/pop_ignored_eval-1.pdf, id=223, 353.32pt x 264.99pt>
File: Manuscript_files/figure-latex/pop_ignored_eval-1.pdf Graphic file (type pdf)
<use Manuscript_files/figure-latex/pop_ignored_eval-1.pdf>
Package pdftex.def Info: Manuscript_files/figure-latex/pop_ignored_eval-1.pdf  used on input line 327.
(pdftex.def)             Requested size: 354.12434pt x 265.59586pt.

Overfull \hbox (5.47499pt too wide) has occurred while \output is active
\T1/lmr/m/n/10.95 8 []
 []

[8 <./Manuscript_files/figure-latex/pop_ignored_eval-1.pdf>]
<Manuscript_files/figure-latex/pop_predictor_eval-1.pdf, id=248, 353.32pt x 264.99pt>
File: Manuscript_files/figure-latex/pop_predictor_eval-1.pdf Graphic file (type pdf)
<use Manuscript_files/figure-latex/pop_predictor_eval-1.pdf>
Package pdftex.def Info: Manuscript_files/figure-latex/pop_predictor_eval-1.pdf  used on input line 372.
(pdftex.def)             Requested size: 354.12434pt x 265.59586pt.

Overfull \hbox (5.47499pt too wide) has occurred while \output is active
[] \T1/lmr/m/n/10.95 9
 []

[9 <./Manuscript_files/figure-latex/pop_predictor_eval-1.pdf>] (./Manuscript.bbl
Overfull \hbox (10.94998pt too wide) has occurred while \output is active
\T1/lmr/m/n/10.95 10 []
 []

[10])
Underfull \hbox (badness 10000) in paragraph at lines 479--479

 []

LaTeX Font Info:    Font shape `T1/pzc/m/n' in size <13> not available
(Font)              Font shape `T1/pzc/m/it' tried instead on input line 479.

Overfull \hbox (10.94998pt too wide) has occurred while \output is active
[] \T1/lmr/m/n/10.95 11
 []

[11] (./Manuscript.aux)

LaTeX Warning: There were undefined references.

Package rerunfilecheck Info: File `Manuscript.out' has not changed.
(rerunfilecheck)             Checksum: 312100FF4F5680FC10E3DDC2E5E19390;2618.
 ) 
Here is how much of TeX's memory you used:
 10351 strings out of 480313
 167464 string characters out of 5895780
 459133 words of memory out of 5000000
 27949 multiletter control sequences out of 15000+600000
 496314 words of font info for 75 fonts, out of 8000000 for 9000
 14 hyphenation exceptions out of 8191
 75i,9n,77p,302b,427s stack positions out of 5000i,500n,10000p,200000b,80000s
{c:/Users/valen/AppData/Roaming/TinyTeX/texmf-dist/fonts/enc/dvips/lm/lm-ec.enc}{c:/Users/valen/AppData/Roaming/TinyTeX/texmf-dist/fonts/enc/dvips/lm/lm-rm.enc}{c:/Users/valen/AppData/Roaming/TinyTeX/texmf-dist/fonts/enc/dvips/lm/lm-mathit.enc}{c:/Users/valen/AppData/Roaming/TinyTeX/texmf-dist/fonts/enc/dvips/lm/lm-ts1.enc}{c:/Users/valen/AppData/Roaming/TinyTeX/texmf-dist/fonts/enc/dvips/base/8r.enc}<c:/Users/valen/AppData/Roaming/TinyTeX/texmf-dist/fonts/type1/public/lm/lmb10.pfb><c:/Users/valen/AppData/Roaming/TinyTeX/texmf-dist/fonts/type1/public/lm/lmbo10.pfb><c:/Users/valen/AppData/Roaming/TinyTeX/texmf-dist/fonts/type1/public/lm/lmbx10.pfb><c:/Users/valen/AppData/Roaming/TinyTeX/texmf-dist/fonts/type1/public/lm/lmbx12.pfb><c:/Users/valen/AppData/Roaming/TinyTeX/texmf-dist/fonts/type1/public/lm/lmmi10.pfb><c:/Users/valen/AppData/Roaming/TinyTeX/texmf-dist/fonts/type1/public/lm/lmr10.pfb><c:/Users/valen/AppData/Roaming/TinyTeX/texmf-dist/fonts/type1/public/lm/lmr6.pfb><c:/Users/valen/AppData/Roaming/TinyTeX/texmf-dist/fonts/type1/public/lm/lmr8.pfb><c:/Users/valen/AppData/Roaming/TinyTeX/texmf-dist/fonts/type1/public/lm/lmr9.pfb><c:/Users/valen/AppData/Roaming/TinyTeX/texmf-dist/fonts/type1/public/lm/lmri10.pfb><c:/Users/valen/AppData/Roaming/TinyTeX/texmf-dist/fonts/type1/public/lm/lmri12.pfb><c:/Users/valen/AppData/Roaming/TinyTeX/texmf-dist/fonts/type1/public/lm/lmro10.pfb><c:/Users/valen/AppData/Roaming/TinyTeX/texmf-dist/fonts/type1/public/lm/lmss10.pfb><c:/Users/valen/AppData/Roaming/TinyTeX/texmf-dist/fonts/type1/public/lm/lmtt10.pfb><c:/Users/valen/AppData/Roaming/TinyTeX/texmf-dist/fonts/type1/public/lm/lmtt9.pfb><c:/Users/valen/AppData/Roaming/TinyTeX/texmf-dist/fonts/type1/public/lm/lmtto10.pfb><c:/Users/valen/AppData/Roaming/TinyTeX/texmf-dist/fonts/type1/urw/zapfchan/uzcmi8a.pfb>
Output written on Manuscript.pdf (11 pages, 1304657 bytes).
PDF statistics:
 397 PDF objects out of 1000 (max. 8388607)
 331 compressed objects within 4 object streams
 86 named destinations out of 1000 (max. 500000)
 164 words of extra memory for PDF output out of 10000 (max. 10000000)

